warning: method `scalar_mul` is never used
   --> rustmath-matrix/src/polynomial_matrix.rs:350:8
    |
346 | trait PolynomialExt<F: Field> {
    |       ------------- method in this trait
...
350 |     fn scalar_mul(&self, scalar: &F) -> Self;
    |        ^^^^^^^^^^
    |
    = note: `#[warn(dead_code)]` (part of `#[warn(unused)]`) on by default

warning: unused import: `BinaryOp`
   --> rustmath-symbolic/src/diffeq.rs:323:33
    |
323 |         use crate::expression::{BinaryOp, UnaryOp};
    |                                 ^^^^^^^^
    |
    = note: `#[warn(unused_imports)]` (part of `#[warn(unused)]`) on by default

warning: unused import: `UnaryOp`
 --> rustmath-symbolic/src/pattern/matcher.rs:4:41
  |
4 | use crate::expression::{BinaryOp, Expr, UnaryOp};
  |                                         ^^^^^^^

warning: unused import: `crate::symbol::Symbol`
 --> rustmath-symbolic/src/pattern/matcher.rs:5:5
  |
5 | use crate::symbol::Symbol;
  |     ^^^^^^^^^^^^^^^^^^^^^

warning: unused import: `Substitution`
 --> rustmath-symbolic/src/pattern/rules.rs:3:35
  |
3 | use super::{Pattern, RewriteRule, Substitution};
  |                                   ^^^^^^^^^^^^

warning: unused import: `std::fmt`
 --> rustmath-symbolic/src/printing/unicode.rs:6:5
  |
6 | use std::fmt;
  |     ^^^^^^^^

warning: unused variable: `dm_dy`
   --> rustmath-symbolic/src/diffeq.rs:367:13
    |
367 |         let dm_dy = m.differentiate(y_var);
    |             ^^^^^ help: if this is intentional, prefix it with an underscore: `_dm_dy`
    |
    = note: `#[warn(unused_variables)]` (part of `#[warn(unused)]`) on by default

warning: unused variable: `dn_dx`
   --> rustmath-symbolic/src/diffeq.rs:368:13
    |
368 |         let dn_dx = n.differentiate(x_var);
    |             ^^^^^ help: if this is intentional, prefix it with an underscore: `_dn_dx`

warning: variable does not need to be mutable
   --> rustmath-symbolic/src/diffeq.rs:580:17
    |
580 |             let mut dx = vec![0.0; x.len()];
    |                 ----^^
    |                 |
    |                 help: remove this `mut`
    |
    = note: `#[warn(unused_mut)]` (part of `#[warn(unused)]`) on by default

warning: unused variable: `degree`
   --> rustmath-symbolic/src/factor.rs:177:9
    |
177 |     let degree = degree.unwrap();
    |         ^^^^^^ help: if this is intentional, prefix it with an underscore: `_degree`

warning: unused variable: `args`
  --> rustmath-symbolic/src/function.rs:23:26
   |
23 |     fn derivative(&self, args: &[Expr], arg_index: usize) -> Result<Expr, String> {
   |                          ^^^^ help: if this is intentional, prefix it with an underscore: `_args`

warning: unused variable: `arg_index`
  --> rustmath-symbolic/src/function.rs:23:41
   |
23 |     fn derivative(&self, args: &[Expr], arg_index: usize) -> Result<Expr, String> {
   |                                         ^^^^^^^^^ help: if this is intentional, prefix it with an underscore: `_arg_index`

warning: unused variable: `initial_velocity`
   --> rustmath-symbolic/src/pde.rs:257:9
    |
257 |         initial_velocity: &Expr,
    |         ^^^^^^^^^^^^^^^^ help: if this is intentional, prefix it with an underscore: `_initial_velocity`

warning: unused variable: `var`
   --> rustmath-symbolic/src/series.rs:764:60
    |
764 |     pub fn discrete_fourier_coefficients(samples: &[Expr], var: &Symbol) -> Vec<Expr> {
    |                                                            ^^^ help: if this is intentional, prefix it with an underscore: `_var`

warning: unused variable: `c2`
   --> rustmath-symbolic/src/specialfunctions/airy.rs:269:13
    |
269 |         let c2 = 0.258819403792807; // |Ai'(0)|
    |             ^^ help: if this is intentional, prefix it with an underscore: `_c2`

warning: function `to_subscript` is never used
  --> rustmath-symbolic/src/printing/unicode.rs:31:4
   |
31 | fn to_subscript(c: char) -> char {
   |    ^^^^^^^^^^^^
   |
   = note: `#[warn(dead_code)]` (part of `#[warn(unused)]`) on by default

warning: function `expr_to_rational` is never used
    --> rustmath-symbolic/src/solve.rs:1687:4
     |
1687 | fn expr_to_rational(expr: &Expr) -> Option<Rational> {
     |    ^^^^^^^^^^^^^^^^

warning: function `expr_to_integer` is never used
    --> rustmath-symbolic/src/solve.rs:1714:4
     |
1714 | fn expr_to_integer(expr: &Expr) -> Option<i64> {
     |    ^^^^^^^^^^^^^^^

warning: function `try_expr_to_f64` is never used
  --> rustmath-symbolic/src/specialfunctions/other.rs:40:4
   |
40 | fn try_expr_to_f64(expr: &Expr) -> Option<f64> {
   |    ^^^^^^^^^^^^^^^

warning: variable `N` should have a snake case name
   --> rustmath-symbolic/src/specialfunctions/orthogonal_polys.rs:505:71
    |
505 | pub fn hahn_polynomial(n: &Expr, x: &Expr, alpha: &Expr, beta: &Expr, N: &Expr) -> Expr {
    |                                                                       ^ help: convert the identifier to snake case: `n`
    |
    = note: `#[warn(non_snake_case)]` (part of `#[warn(nonstandard_style)]`) on by default

warning: variable `N` should have a snake case name
   --> rustmath-symbolic/src/specialfunctions/orthogonal_polys.rs:553:60
    |
553 | pub fn krawtchouk_polynomial(n: &Expr, x: &Expr, p: &Expr, N: &Expr) -> Expr {
    |                                                            ^ help: convert the identifier to snake case: `n`

warning: `rustmath-matrix` (lib) generated 1 warning
warning: `rustmath-symbolic` (lib) generated 20 warnings (run `cargo fix --lib -p rustmath-symbolic` to apply 6 suggestions)
   Compiling rustmath-benchmarks v0.1.0 (/home/john/RustMath/rustmath-benchmarks)
error: couldn't read `rustmath-benchmarks/src/bench_integers.rs`: No such file or directory (os error 2)

error: couldn't read `rustmath-benchmarks/src/bench_matrix.rs`: No such file or directory (os error 2)

error: couldn't read `rustmath-benchmarks/src/bench_polynomials.rs`: No such file or directory (os error 2)

error: could not compile `rustmath-benchmarks` (bin "bench_integers") due to 1 previous error
warning: build failed, waiting for other jobs to finish...
error: could not compile `rustmath-benchmarks` (bin "bench_polynomials") due to 1 previous error
error: could not compile `rustmath-benchmarks` (bin "bench_matrix") due to 1 previous error
error[E0599]: no method named `pow` found for struct `rustmath_symbolic::Symbol` in the current scope
  --> rustmath-benchmarks/src/bench_symbolic.rs:26:42
   |
26 |     let expr = Expr::from(5) * x.clone().pow(Expr::from(5))
   |                                          ^^^ method not found in `rustmath_symbolic::Symbol`

error[E0599]: no method named `pow` found for struct `rustmath_symbolic::Symbol` in the current scope
  --> rustmath-benchmarks/src/bench_symbolic.rs:27:42
   |
27 |              + Expr::from(3) * x.clone().pow(Expr::from(2))
   |                                          ^^^ method not found in `rustmath_symbolic::Symbol`

error[E0599]: no variant or associated item named `Var` found for enum `rustmath_symbolic::Expr` in the current scope
   --> rustmath-benchmarks/src/bench_symbolic.rs:28:38
    |
 28 |              - Expr::from(7) * Expr::Var(x.clone())
    |                                      ^^^ variant or associated item not found in `rustmath_symbolic::Expr`
    |
note: if you're trying to build a new `rustmath_symbolic::Expr` consider using one of the following associated functions:
      rustmath_symbolic::Expr::symbol
      rustmath_symbolic::Expr::function
      rustmath_symbolic::Expr::bessel_j
      rustmath_symbolic::Expr::bessel_y
      and 4 others
   --> /home/john/RustMath/rustmath-symbolic/src/expression.rs:71:5
    |
 71 |     pub fn symbol(name: impl Into<String>) -> Self {
    |     ^^^^^^^^^^^^^^^^^^^^^^^^^^^^^^^^^^^^^^^^^^^^^^
...
231 |     pub fn function(name: impl Into<String>, args: Vec<Expr>) -> Self {
    |     ^^^^^^^^^^^^^^^^^^^^^^^^^^^^^^^^^^^^^^^^^^^^^^^^^^^^^^^^^^^^^^^^^
...
241 |     pub fn bessel_j(order: Expr, x: Expr) -> Self {
    |     ^^^^^^^^^^^^^^^^^^^^^^^^^^^^^^^^^^^^^^^^^^^^^
...
248 |     pub fn bessel_y(order: Expr, x: Expr) -> Self {
    |     ^^^^^^^^^^^^^^^^^^^^^^^^^^^^^^^^^^^^^^^^^^^^^

error[E0599]: no variant or associated item named `Var` found for enum `rustmath_symbolic::Expr` in the current scope
   --> rustmath-benchmarks/src/bench_symbolic.rs:43:33
    |
 43 |     let sin_x = Expr::sin(Expr::Var(x.clone()));
    |                                 ^^^ variant or associated item not found in `rustmath_symbolic::Expr`
    |
note: if you're trying to build a new `rustmath_symbolic::Expr` consider using one of the following associated functions:
      rustmath_symbolic::Expr::symbol
      rustmath_symbolic::Expr::function
      rustmath_symbolic::Expr::bessel_j
      rustmath_symbolic::Expr::bessel_y
      and 4 others
   --> /home/john/RustMath/rustmath-symbolic/src/expression.rs:71:5
    |
 71 |     pub fn symbol(name: impl Into<String>) -> Self {
    |     ^^^^^^^^^^^^^^^^^^^^^^^^^^^^^^^^^^^^^^^^^^^^^^
...
231 |     pub fn function(name: impl Into<String>, args: Vec<Expr>) -> Self {
    |     ^^^^^^^^^^^^^^^^^^^^^^^^^^^^^^^^^^^^^^^^^^^^^^^^^^^^^^^^^^^^^^^^^
...
241 |     pub fn bessel_j(order: Expr, x: Expr) -> Self {
    |     ^^^^^^^^^^^^^^^^^^^^^^^^^^^^^^^^^^^^^^^^^^^^^
...
248 |     pub fn bessel_y(order: Expr, x: Expr) -> Self {
    |     ^^^^^^^^^^^^^^^^^^^^^^^^^^^^^^^^^^^^^^^^^^^^^

error[E0599]: no variant or associated item named `Var` found for enum `rustmath_symbolic::Expr` in the current scope
   --> rustmath-benchmarks/src/bench_symbolic.rs:44:33
    |
 44 |     let cos_x = Expr::cos(Expr::Var(x.clone()));
    |                                 ^^^ variant or associated item not found in `rustmath_symbolic::Expr`
    |
note: if you're trying to build a new `rustmath_symbolic::Expr` consider using one of the following associated functions:
      rustmath_symbolic::Expr::symbol
      rustmath_symbolic::Expr::function
      rustmath_symbolic::Expr::bessel_j
      rustmath_symbolic::Expr::bessel_y
      and 4 others
   --> /home/john/RustMath/rustmath-symbolic/src/expression.rs:71:5
    |
 71 |     pub fn symbol(name: impl Into<String>) -> Self {
    |     ^^^^^^^^^^^^^^^^^^^^^^^^^^^^^^^^^^^^^^^^^^^^^^
...
231 |     pub fn function(name: impl Into<String>, args: Vec<Expr>) -> Self {
    |     ^^^^^^^^^^^^^^^^^^^^^^^^^^^^^^^^^^^^^^^^^^^^^^^^^^^^^^^^^^^^^^^^^
...
241 |     pub fn bessel_j(order: Expr, x: Expr) -> Self {
    |     ^^^^^^^^^^^^^^^^^^^^^^^^^^^^^^^^^^^^^^^^^^^^^
...
248 |     pub fn bessel_y(order: Expr, x: Expr) -> Self {
    |     ^^^^^^^^^^^^^^^^^^^^^^^^^^^^^^^^^^^^^^^^^^^^^

error[E0599]: no variant or associated item named `Var` found for enum `rustmath_symbolic::Expr` in the current scope
   --> rustmath-benchmarks/src/bench_symbolic.rs:59:27
    |
 59 |     let x_squared = Expr::Var(x.clone()).pow(Expr::from(2));
    |                           ^^^ variant or associated item not found in `rustmath_symbolic::Expr`
    |
note: if you're trying to build a new `rustmath_symbolic::Expr` consider using one of the following associated functions:
      rustmath_symbolic::Expr::symbol
      rustmath_symbolic::Expr::function
      rustmath_symbolic::Expr::bessel_j
      rustmath_symbolic::Expr::bessel_y
      and 4 others
   --> /home/john/RustMath/rustmath-symbolic/src/expression.rs:71:5
    |
 71 |     pub fn symbol(name: impl Into<String>) -> Self {
    |     ^^^^^^^^^^^^^^^^^^^^^^^^^^^^^^^^^^^^^^^^^^^^^^
...
231 |     pub fn function(name: impl Into<String>, args: Vec<Expr>) -> Self {
    |     ^^^^^^^^^^^^^^^^^^^^^^^^^^^^^^^^^^^^^^^^^^^^^^^^^^^^^^^^^^^^^^^^^
...
241 |     pub fn bessel_j(order: Expr, x: Expr) -> Self {
    |     ^^^^^^^^^^^^^^^^^^^^^^^^^^^^^^^^^^^^^^^^^^^^^
...
248 |     pub fn bessel_y(order: Expr, x: Expr) -> Self {
    |     ^^^^^^^^^^^^^^^^^^^^^^^^^^^^^^^^^^^^^^^^^^^^^

error[E0599]: no variant or associated item named `Var` found for enum `rustmath_symbolic::Expr` in the current scope
   --> rustmath-benchmarks/src/bench_symbolic.rs:75:25
    |
 75 |     let x_cubed = Expr::Var(x.clone()).pow(Expr::from(3));
    |                         ^^^ variant or associated item not found in `rustmath_symbolic::Expr`
    |
note: if you're trying to build a new `rustmath_symbolic::Expr` consider using one of the following associated functions:
      rustmath_symbolic::Expr::symbol
      rustmath_symbolic::Expr::function
      rustmath_symbolic::Expr::bessel_j
      rustmath_symbolic::Expr::bessel_y
      and 4 others
   --> /home/john/RustMath/rustmath-symbolic/src/expression.rs:71:5
    |
 71 |     pub fn symbol(name: impl Into<String>) -> Self {
    |     ^^^^^^^^^^^^^^^^^^^^^^^^^^^^^^^^^^^^^^^^^^^^^^
...
231 |     pub fn function(name: impl Into<String>, args: Vec<Expr>) -> Self {
    |     ^^^^^^^^^^^^^^^^^^^^^^^^^^^^^^^^^^^^^^^^^^^^^^^^^^^^^^^^^^^^^^^^^
...
241 |     pub fn bessel_j(order: Expr, x: Expr) -> Self {
    |     ^^^^^^^^^^^^^^^^^^^^^^^^^^^^^^^^^^^^^^^^^^^^^
...
248 |     pub fn bessel_y(order: Expr, x: Expr) -> Self {
    |     ^^^^^^^^^^^^^^^^^^^^^^^^^^^^^^^^^^^^^^^^^^^^^

error[E0599]: no variant or associated item named `Var` found for enum `rustmath_symbolic::Expr` in the current scope
   --> rustmath-benchmarks/src/bench_symbolic.rs:76:33
    |
 76 |     let sin_x = Expr::sin(Expr::Var(x.clone()));
    |                                 ^^^ variant or associated item not found in `rustmath_symbolic::Expr`
    |
note: if you're trying to build a new `rustmath_symbolic::Expr` consider using one of the following associated functions:
      rustmath_symbolic::Expr::symbol
      rustmath_symbolic::Expr::function
      rustmath_symbolic::Expr::bessel_j
      rustmath_symbolic::Expr::bessel_y
      and 4 others
   --> /home/john/RustMath/rustmath-symbolic/src/expression.rs:71:5
    |
 71 |     pub fn symbol(name: impl Into<String>) -> Self {
    |     ^^^^^^^^^^^^^^^^^^^^^^^^^^^^^^^^^^^^^^^^^^^^^^
...
231 |     pub fn function(name: impl Into<String>, args: Vec<Expr>) -> Self {
    |     ^^^^^^^^^^^^^^^^^^^^^^^^^^^^^^^^^^^^^^^^^^^^^^^^^^^^^^^^^^^^^^^^^
...
241 |     pub fn bessel_j(order: Expr, x: Expr) -> Self {
    |     ^^^^^^^^^^^^^^^^^^^^^^^^^^^^^^^^^^^^^^^^^^^^^
...
248 |     pub fn bessel_y(order: Expr, x: Expr) -> Self {
    |     ^^^^^^^^^^^^^^^^^^^^^^^^^^^^^^^^^^^^^^^^^^^^^

error[E0599]: no variant or associated item named `Var` found for enum `rustmath_symbolic::Expr` in the current scope
   --> rustmath-benchmarks/src/bench_symbolic.rs:77:33
    |
 77 |     let exp_x = Expr::exp(Expr::Var(x.clone()));
    |                                 ^^^ variant or associated item not found in `rustmath_symbolic::Expr`
    |
note: if you're trying to build a new `rustmath_symbolic::Expr` consider using one of the following associated functions:
      rustmath_symbolic::Expr::symbol
      rustmath_symbolic::Expr::function
      rustmath_symbolic::Expr::bessel_j
      rustmath_symbolic::Expr::bessel_y
      and 4 others
   --> /home/john/RustMath/rustmath-symbolic/src/expression.rs:71:5
    |
 71 |     pub fn symbol(name: impl Into<String>) -> Self {
    |     ^^^^^^^^^^^^^^^^^^^^^^^^^^^^^^^^^^^^^^^^^^^^^^
...
231 |     pub fn function(name: impl Into<String>, args: Vec<Expr>) -> Self {
    |     ^^^^^^^^^^^^^^^^^^^^^^^^^^^^^^^^^^^^^^^^^^^^^^^^^^^^^^^^^^^^^^^^^
...
241 |     pub fn bessel_j(order: Expr, x: Expr) -> Self {
    |     ^^^^^^^^^^^^^^^^^^^^^^^^^^^^^^^^^^^^^^^^^^^^^
...
248 |     pub fn bessel_y(order: Expr, x: Expr) -> Self {
    |     ^^^^^^^^^^^^^^^^^^^^^^^^^^^^^^^^^^^^^^^^^^^^^

error[E0599]: no variant or associated item named `Var` found for enum `rustmath_symbolic::Expr` in the current scope
   --> rustmath-benchmarks/src/bench_symbolic.rs:92:26
    |
 92 |     let mut expr = Expr::Var(x.clone()).pow(Expr::from(20));
    |                          ^^^ variant or associated item not found in `rustmath_symbolic::Expr`
    |
note: if you're trying to build a new `rustmath_symbolic::Expr` consider using one of the following associated functions:
      rustmath_symbolic::Expr::symbol
      rustmath_symbolic::Expr::function
      rustmath_symbolic::Expr::bessel_j
      rustmath_symbolic::Expr::bessel_y
      and 4 others
   --> /home/john/RustMath/rustmath-symbolic/src/expression.rs:71:5
    |
 71 |     pub fn symbol(name: impl Into<String>) -> Self {
    |     ^^^^^^^^^^^^^^^^^^^^^^^^^^^^^^^^^^^^^^^^^^^^^^
...
231 |     pub fn function(name: impl Into<String>, args: Vec<Expr>) -> Self {
    |     ^^^^^^^^^^^^^^^^^^^^^^^^^^^^^^^^^^^^^^^^^^^^^^^^^^^^^^^^^^^^^^^^^
...
241 |     pub fn bessel_j(order: Expr, x: Expr) -> Self {
    |     ^^^^^^^^^^^^^^^^^^^^^^^^^^^^^^^^^^^^^^^^^^^^^
...
248 |     pub fn bessel_y(order: Expr, x: Expr) -> Self {
    |     ^^^^^^^^^^^^^^^^^^^^^^^^^^^^^^^^^^^^^^^^^^^^^

error[E0599]: no variant or associated item named `Var` found for enum `rustmath_symbolic::Expr` in the current scope
   --> rustmath-benchmarks/src/bench_symbolic.rs:109:33
    |
109 |     let sin_x = Expr::sin(Expr::Var(x.clone()));
    |                                 ^^^ variant or associated item not found in `rustmath_symbolic::Expr`
    |
note: if you're trying to build a new `rustmath_symbolic::Expr` consider using one of the following associated functions:
      rustmath_symbolic::Expr::symbol
      rustmath_symbolic::Expr::function
      rustmath_symbolic::Expr::bessel_j
      rustmath_symbolic::Expr::bessel_y
      and 4 others
   --> /home/john/RustMath/rustmath-symbolic/src/expression.rs:71:5
    |
 71 |     pub fn symbol(name: impl Into<String>) -> Self {
    |     ^^^^^^^^^^^^^^^^^^^^^^^^^^^^^^^^^^^^^^^^^^^^^^
...
231 |     pub fn function(name: impl Into<String>, args: Vec<Expr>) -> Self {
    |     ^^^^^^^^^^^^^^^^^^^^^^^^^^^^^^^^^^^^^^^^^^^^^^^^^^^^^^^^^^^^^^^^^
...
241 |     pub fn bessel_j(order: Expr, x: Expr) -> Self {
    |     ^^^^^^^^^^^^^^^^^^^^^^^^^^^^^^^^^^^^^^^^^^^^^
...
248 |     pub fn bessel_y(order: Expr, x: Expr) -> Self {
    |     ^^^^^^^^^^^^^^^^^^^^^^^^^^^^^^^^^^^^^^^^^^^^^

error[E0599]: no variant or associated item named `Var` found for enum `rustmath_symbolic::Expr` in the current scope
   --> rustmath-benchmarks/src/bench_symbolic.rs:110:33
    |
110 |     let cos_x = Expr::cos(Expr::Var(x.clone()));
    |                                 ^^^ variant or associated item not found in `rustmath_symbolic::Expr`
    |
note: if you're trying to build a new `rustmath_symbolic::Expr` consider using one of the following associated functions:
      rustmath_symbolic::Expr::symbol
      rustmath_symbolic::Expr::function
      rustmath_symbolic::Expr::bessel_j
      rustmath_symbolic::Expr::bessel_y
      and 4 others
   --> /home/john/RustMath/rustmath-symbolic/src/expression.rs:71:5
    |
 71 |     pub fn symbol(name: impl Into<String>) -> Self {
    |     ^^^^^^^^^^^^^^^^^^^^^^^^^^^^^^^^^^^^^^^^^^^^^^
...
231 |     pub fn function(name: impl Into<String>, args: Vec<Expr>) -> Self {
    |     ^^^^^^^^^^^^^^^^^^^^^^^^^^^^^^^^^^^^^^^^^^^^^^^^^^^^^^^^^^^^^^^^^
...
241 |     pub fn bessel_j(order: Expr, x: Expr) -> Self {
    |     ^^^^^^^^^^^^^^^^^^^^^^^^^^^^^^^^^^^^^^^^^^^^^
...
248 |     pub fn bessel_y(order: Expr, x: Expr) -> Self {
    |     ^^^^^^^^^^^^^^^^^^^^^^^^^^^^^^^^^^^^^^^^^^^^^

error[E0599]: no variant or associated item named `Var` found for enum `rustmath_symbolic::Expr` in the current scope
   --> rustmath-benchmarks/src/bench_symbolic.rs:126:23
    |
126 |     let expr = (Expr::Var(x) + Expr::Var(y)).pow(Expr::from(10));
    |                       ^^^ variant or associated item not found in `rustmath_symbolic::Expr`
    |
note: if you're trying to build a new `rustmath_symbolic::Expr` consider using one of the following associated functions:
      rustmath_symbolic::Expr::symbol
      rustmath_symbolic::Expr::function
      rustmath_symbolic::Expr::bessel_j
      rustmath_symbolic::Expr::bessel_y
      and 4 others
   --> /home/john/RustMath/rustmath-symbolic/src/expression.rs:71:5
    |
 71 |     pub fn symbol(name: impl Into<String>) -> Self {
    |     ^^^^^^^^^^^^^^^^^^^^^^^^^^^^^^^^^^^^^^^^^^^^^^
...
231 |     pub fn function(name: impl Into<String>, args: Vec<Expr>) -> Self {
    |     ^^^^^^^^^^^^^^^^^^^^^^^^^^^^^^^^^^^^^^^^^^^^^^^^^^^^^^^^^^^^^^^^^
...
241 |     pub fn bessel_j(order: Expr, x: Expr) -> Self {
    |     ^^^^^^^^^^^^^^^^^^^^^^^^^^^^^^^^^^^^^^^^^^^^^
...
248 |     pub fn bessel_y(order: Expr, x: Expr) -> Self {
    |     ^^^^^^^^^^^^^^^^^^^^^^^^^^^^^^^^^^^^^^^^^^^^^

error[E0599]: no variant or associated item named `Var` found for enum `rustmath_symbolic::Expr` in the current scope
   --> rustmath-benchmarks/src/bench_symbolic.rs:126:38
    |
126 |     let expr = (Expr::Var(x) + Expr::Var(y)).pow(Expr::from(10));
    |                                      ^^^ variant or associated item not found in `rustmath_symbolic::Expr`
    |
note: if you're trying to build a new `rustmath_symbolic::Expr` consider using one of the following associated functions:
      rustmath_symbolic::Expr::symbol
      rustmath_symbolic::Expr::function
      rustmath_symbolic::Expr::bessel_j
      rustmath_symbolic::Expr::bessel_y
      and 4 others
   --> /home/john/RustMath/rustmath-symbolic/src/expression.rs:71:5
    |
 71 |     pub fn symbol(name: impl Into<String>) -> Self {
    |     ^^^^^^^^^^^^^^^^^^^^^^^^^^^^^^^^^^^^^^^^^^^^^^
...
231 |     pub fn function(name: impl Into<String>, args: Vec<Expr>) -> Self {
    |     ^^^^^^^^^^^^^^^^^^^^^^^^^^^^^^^^^^^^^^^^^^^^^^^^^^^^^^^^^^^^^^^^^
...
241 |     pub fn bessel_j(order: Expr, x: Expr) -> Self {
    |     ^^^^^^^^^^^^^^^^^^^^^^^^^^^^^^^^^^^^^^^^^^^^^
...
248 |     pub fn bessel_y(order: Expr, x: Expr) -> Self {
    |     ^^^^^^^^^^^^^^^^^^^^^^^^^^^^^^^^^^^^^^^^^^^^^

error[E0599]: no variant or associated item named `Var` found for enum `rustmath_symbolic::Expr` in the current scope
   --> rustmath-benchmarks/src/bench_symbolic.rs:140:27
    |
140 |     let numerator = Expr::Var(x.clone()).pow(Expr::from(2)) - Expr::from(1);
    |                           ^^^ variant or associated item not found in `rustmath_symbolic::Expr`
    |
note: if you're trying to build a new `rustmath_symbolic::Expr` consider using one of the following associated functions:
      rustmath_symbolic::Expr::symbol
      rustmath_symbolic::Expr::function
      rustmath_symbolic::Expr::bessel_j
      rustmath_symbolic::Expr::bessel_y
      and 4 others
   --> /home/john/RustMath/rustmath-symbolic/src/expression.rs:71:5
    |
 71 |     pub fn symbol(name: impl Into<String>) -> Self {
    |     ^^^^^^^^^^^^^^^^^^^^^^^^^^^^^^^^^^^^^^^^^^^^^^
...
231 |     pub fn function(name: impl Into<String>, args: Vec<Expr>) -> Self {
    |     ^^^^^^^^^^^^^^^^^^^^^^^^^^^^^^^^^^^^^^^^^^^^^^^^^^^^^^^^^^^^^^^^^
...
241 |     pub fn bessel_j(order: Expr, x: Expr) -> Self {
    |     ^^^^^^^^^^^^^^^^^^^^^^^^^^^^^^^^^^^^^^^^^^^^^
...
248 |     pub fn bessel_y(order: Expr, x: Expr) -> Self {
    |     ^^^^^^^^^^^^^^^^^^^^^^^^^^^^^^^^^^^^^^^^^^^^^

error[E0599]: no variant or associated item named `Var` found for enum `rustmath_symbolic::Expr` in the current scope
   --> rustmath-benchmarks/src/bench_symbolic.rs:141:29
    |
141 |     let denominator = Expr::Var(x.clone()) - Expr::from(1);
    |                             ^^^ variant or associated item not found in `rustmath_symbolic::Expr`
    |
note: if you're trying to build a new `rustmath_symbolic::Expr` consider using one of the following associated functions:
      rustmath_symbolic::Expr::symbol
      rustmath_symbolic::Expr::function
      rustmath_symbolic::Expr::bessel_j
      rustmath_symbolic::Expr::bessel_y
      and 4 others
   --> /home/john/RustMath/rustmath-symbolic/src/expression.rs:71:5
    |
 71 |     pub fn symbol(name: impl Into<String>) -> Self {
    |     ^^^^^^^^^^^^^^^^^^^^^^^^^^^^^^^^^^^^^^^^^^^^^^
...
231 |     pub fn function(name: impl Into<String>, args: Vec<Expr>) -> Self {
    |     ^^^^^^^^^^^^^^^^^^^^^^^^^^^^^^^^^^^^^^^^^^^^^^^^^^^^^^^^^^^^^^^^^
...
241 |     pub fn bessel_j(order: Expr, x: Expr) -> Self {
    |     ^^^^^^^^^^^^^^^^^^^^^^^^^^^^^^^^^^^^^^^^^^^^^
...
248 |     pub fn bessel_y(order: Expr, x: Expr) -> Self {
    |     ^^^^^^^^^^^^^^^^^^^^^^^^^^^^^^^^^^^^^^^^^^^^^

error[E0599]: no variant or associated item named `Var` found for enum `rustmath_symbolic::Expr` in the current scope
   --> rustmath-benchmarks/src/bench_symbolic.rs:156:22
    |
156 |     let expr = Expr::Var(x.clone()).pow(Expr::from(5))
    |                      ^^^ variant or associated item not found in `rustmath_symbolic::Expr`
    |
note: if you're trying to build a new `rustmath_symbolic::Expr` consider using one of the following associated functions:
      rustmath_symbolic::Expr::symbol
      rustmath_symbolic::Expr::function
      rustmath_symbolic::Expr::bessel_j
      rustmath_symbolic::Expr::bessel_y
      and 4 others
   --> /home/john/RustMath/rustmath-symbolic/src/expression.rs:71:5
    |
 71 |     pub fn symbol(name: impl Into<String>) -> Self {
    |     ^^^^^^^^^^^^^^^^^^^^^^^^^^^^^^^^^^^^^^^^^^^^^^
...
231 |     pub fn function(name: impl Into<String>, args: Vec<Expr>) -> Self {
    |     ^^^^^^^^^^^^^^^^^^^^^^^^^^^^^^^^^^^^^^^^^^^^^^^^^^^^^^^^^^^^^^^^^
...
241 |     pub fn bessel_j(order: Expr, x: Expr) -> Self {
    |     ^^^^^^^^^^^^^^^^^^^^^^^^^^^^^^^^^^^^^^^^^^^^^
...
248 |     pub fn bessel_y(order: Expr, x: Expr) -> Self {
    |     ^^^^^^^^^^^^^^^^^^^^^^^^^^^^^^^^^^^^^^^^^^^^^

error[E0599]: no variant or associated item named `Var` found for enum `rustmath_symbolic::Expr` in the current scope
   --> rustmath-benchmarks/src/bench_symbolic.rs:157:38
    |
157 |              + Expr::from(3) * Expr::Var(x.clone()).pow(Expr::from(2))
    |                                      ^^^ variant or associated item not found in `rustmath_symbolic::Expr`
    |
note: if you're trying to build a new `rustmath_symbolic::Expr` consider using one of the following associated functions:
      rustmath_symbolic::Expr::symbol
      rustmath_symbolic::Expr::function
      rustmath_symbolic::Expr::bessel_j
      rustmath_symbolic::Expr::bessel_y
      and 4 others
   --> /home/john/RustMath/rustmath-symbolic/src/expression.rs:71:5
    |
 71 |     pub fn symbol(name: impl Into<String>) -> Self {
    |     ^^^^^^^^^^^^^^^^^^^^^^^^^^^^^^^^^^^^^^^^^^^^^^
...
231 |     pub fn function(name: impl Into<String>, args: Vec<Expr>) -> Self {
    |     ^^^^^^^^^^^^^^^^^^^^^^^^^^^^^^^^^^^^^^^^^^^^^^^^^^^^^^^^^^^^^^^^^
...
241 |     pub fn bessel_j(order: Expr, x: Expr) -> Self {
    |     ^^^^^^^^^^^^^^^^^^^^^^^^^^^^^^^^^^^^^^^^^^^^^
...
248 |     pub fn bessel_y(order: Expr, x: Expr) -> Self {
    |     ^^^^^^^^^^^^^^^^^^^^^^^^^^^^^^^^^^^^^^^^^^^^^

error[E0599]: no variant or associated item named `Var` found for enum `rustmath_symbolic::Expr` in the current scope
   --> rustmath-benchmarks/src/bench_symbolic.rs:158:38
    |
158 |              - Expr::from(7) * Expr::Var(x.clone())
    |                                      ^^^ variant or associated item not found in `rustmath_symbolic::Expr`
    |
note: if you're trying to build a new `rustmath_symbolic::Expr` consider using one of the following associated functions:
      rustmath_symbolic::Expr::symbol
      rustmath_symbolic::Expr::function
      rustmath_symbolic::Expr::bessel_j
      rustmath_symbolic::Expr::bessel_y
      and 4 others
   --> /home/john/RustMath/rustmath-symbolic/src/expression.rs:71:5
    |
 71 |     pub fn symbol(name: impl Into<String>) -> Self {
    |     ^^^^^^^^^^^^^^^^^^^^^^^^^^^^^^^^^^^^^^^^^^^^^^
...
231 |     pub fn function(name: impl Into<String>, args: Vec<Expr>) -> Self {
    |     ^^^^^^^^^^^^^^^^^^^^^^^^^^^^^^^^^^^^^^^^^^^^^^^^^^^^^^^^^^^^^^^^^
...
241 |     pub fn bessel_j(order: Expr, x: Expr) -> Self {
    |     ^^^^^^^^^^^^^^^^^^^^^^^^^^^^^^^^^^^^^^^^^^^^^
...
248 |     pub fn bessel_y(order: Expr, x: Expr) -> Self {
    |     ^^^^^^^^^^^^^^^^^^^^^^^^^^^^^^^^^^^^^^^^^^^^^

For more information about this error, try `rustc --explain E0599`.
error: could not compile `rustmath-benchmarks` (bin "bench_symbolic") due to 19 previous errors
